commit 9350c69c168fc252a7f5b90b75e77d71ea58881b
Author: Cristhian Escobar <cristhianescobar@users.noreply.github.com>
Date:   Sun Nov 10 15:45:40 2013 -0600

    Create makefile

commit 7fbeb62fe6125e05f1b81f8faf29ae76827771bc
Author: Cristhian Escobar <cristhianescobar@users.noreply.github.com>
Date:   Sun Nov 10 15:44:43 2013 -0600

    Create Life.pdf

commit a07f81bdfa172d3938551de85b62780fbbb2de13
Author: Cristhian Escobar <cristhianescobar@users.noreply.github.com>
Date:   Sun Nov 10 15:44:20 2013 -0600

    Create Life.h

commit cca40bae16a2be50187139e702d57b2af7175c43
Author: Cristhian Escobar <cristhianescobar@users.noreply.github.com>
Date:   Sun Nov 10 15:44:03 2013 -0600

    Create FredkinCell.c++

commit 4ca1ea52b67034e1d864a470edecf9447dda3e3d
Author: Cristhian Escobar <cristhianescobar@users.noreply.github.com>
Date:   Sun Nov 10 15:43:46 2013 -0600

    Create FredkinCell.h

commit 4556b4de0cefe55c6c133bcf75b3342da9222616
Author: Cristhian Escobar <cristhianescobar@users.noreply.github.com>
Date:   Sun Nov 10 15:43:20 2013 -0600

    Create ConwayCell.c++

commit c45a9213225a6c62fe5c397dd5b602edd5b78093
Author: Cristhian Escobar <cristhianescobar@users.noreply.github.com>
Date:   Sun Nov 10 15:43:01 2013 -0600

    Create ConwayCell.h

commit 6662d4e58752e8e6a839c7e030e197353f442100
Author: Cristhian Escobar <cristhianescobar@users.noreply.github.com>
Date:   Sun Nov 10 15:42:36 2013 -0600

    Create Cell.h

commit e95a794fd7c20807d7b105ec84d546776e018d2d
Author: Cristhian Escobar <cristhianescobar@users.noreply.github.com>
Date:   Sun Nov 10 15:42:17 2013 -0600

    Create Cell.c++

commit eee8ced6249b09e2e37ddbb62c29b4286517e448
Author: Cristhian Escobar <cristhianescobar@users.noreply.github.com>
Date:   Sun Nov 10 15:41:58 2013 -0600

    Create Handle.h

commit 14bcdc04405039beaef705d919c6014d483ae811
Author: Cristhian Escobar <cristhianescobar@users.noreply.github.com>
Date:   Sun Nov 10 15:41:39 2013 -0600

    Create AbstractCell.c++

commit 800feac8ed97a0af1589d1a1322760e32e8d8246
Author: Cristhian Escobar <cristhianescobar@users.noreply.github.com>
Date:   Sun Nov 10 15:41:21 2013 -0600

    Create AbstractCell.h

commit fc7bc48443124254a256cc4f4ecb7b3839f9db63
Author: Cristhian Escobar <cristhianescobar@users.noreply.github.com>
Date:   Sun Nov 10 15:40:54 2013 -0600

    Create RunLife.out

commit 49dc34a4e5d4cd0dcfef145e32b65b01624f0086
Author: Cristhian Escobar <cristhianescobar@users.noreply.github.com>
Date:   Sun Nov 10 15:40:06 2013 -0600

    Create RunLifeCell.in

commit baaa91ed729997c567016a21a16df797ac481bef
Author: Cristhian Escobar <cristhianescobar@users.noreply.github.com>
Date:   Sun Nov 10 15:39:28 2013 -0600

    Create RunLifeFredkin.in

commit 7e804b21059948abb15083c90691188197f27459
Author: Cristhian Escobar <cristhianescobar@users.noreply.github.com>
Date:   Sun Nov 10 15:38:45 2013 -0600

    Create RunLifeConway.in

commit 6089dbba67219d5e219b734e79e04bc054c2c757
Author: Cristhian Escobar <cristhianescobar@users.noreply.github.com>
Date:   Sun Nov 10 15:37:58 2013 -0600

    Create RunLife.c++

commit 87589e930541ad5dd89289d5635c0f0632eeaaae
Author: Cristhian Escobar <cristhianescobar@users.noreply.github.com>
Date:   Sun Nov 10 15:37:15 2013 -0600

    Create TestLife.out

commit 406a1236e741a4e1ac4a9f73e903288d51efb6b4
Author: Cristhian Escobar <cristhianescobar@users.noreply.github.com>
Date:   Sun Nov 10 15:36:50 2013 -0600

    Create TestLife.c++

commit f8808f10a085918e1af72fe00b5ab2f252a34e11
Author: Cristhian Escobar <cristhianescobar@users.noreply.github.com>
Date:   Sun Nov 10 15:36:07 2013 -0600

    Create Life.log

commit b419b78383ae4aa5593d2850fd4801ff47da4c75
Author: Cristhian Escobar <cristhianescobar@users.noreply.github.com>
Date:   Sun Nov 10 13:35:34 2013 -0800

    Initial commit
