*** Life<ConwayCell> 109x69 ***
20
20
--------------------
--------------------
--------------------
--------------------
--------------------
--------------------
--------------------
--------------------
--------------------
---------00---------
--------0000--------
--------------------
--------------------
--------------------
--------------------
--------------------
--------------------
--------------------
--------------------
--------------------
*** Life<FredkinCell> 20x20 ***
*** Life<Cell> 20x20 ***
